Unity Editor version:    2021.2.14f1 (bcb93e5482d2)
Branch:                  2021.2/staging
Build type:              Release
Batch mode:              YES
macOS version:           Version 12.2.1 (Build 21D62)
Darwin version:          21.3.0
Architecture:            arm64
Running under Rosetta:   NO
Available memory:        16384 MB
Using pre-set license
Pro License: YES

COMMAND LINE ARGUMENTS:
/Applications/Unity/Unity.app/Contents/MacOS/Unity
-adb2
-batchMode
-noUpm
-name
AssetImportWorker1
-projectPath
/Users/martinholst/Desktop/graphics-programming-2022/exercises/exercise_6
-logFile
Logs/AssetImportWorker1.log
-srvPort
65370
Successfully changed project path to: /Users/martinholst/Desktop/graphics-programming-2022/exercises/exercise_6
/Users/martinholst/Desktop/graphics-programming-2022/exercises/exercise_6
[UnityMemory] Configuration Parameters - Can be set up in boot.config
    "memorysetup-bucket-allocator-granularity=16"
    "memorysetup-bucket-allocator-bucket-count=8"
    "memorysetup-bucket-allocator-block-size=33554432"
    "memorysetup-bucket-allocator-block-count=8"
    "memorysetup-main-allocator-block-size=16777216"
    "memorysetup-thread-allocator-block-size=16777216"
    "memorysetup-gfx-main-allocator-block-size=16777216"
    "memorysetup-gfx-thread-allocator-block-size=16777216"
    "memorysetup-cache-allocator-block-size=4194304"
    "memorysetup-typetree-allocator-block-size=2097152"
    "memorysetup-profiler-bucket-allocator-granularity=16"
    "memorysetup-profiler-bucket-allocator-bucket-count=8"
    "memorysetup-profiler-bucket-allocator-block-size=33554432"
    "memorysetup-profiler-bucket-allocator-block-count=8"
    "memorysetup-profiler-allocator-block-size=16777216"
    "memorysetup-profiler-editor-allocator-block-size=1048576"
    "memorysetup-temp-allocator-size-main=16777216"
    "memorysetup-job-temp-allocator-block-size=2097152"
    "memorysetup-job-temp-allocator-block-size-background=1048576"
    "memorysetup-job-temp-allocator-reduction-small-platforms=262144"
    "memorysetup-temp-allocator-size-background-worker=32768"
    "memorysetup-temp-allocator-size-job-worker=262144"
    "memorysetup-temp-allocator-size-preload-manager=33554432"
    "memorysetup-temp-allocator-size-nav-mesh-worker=65536"
    "memorysetup-temp-allocator-size-audio-worker=65536"
    "memorysetup-temp-allocator-size-cloud-worker=32768"
    "memorysetup-temp-allocator-size-gi-baking-worker=262144"
    "memorysetup-temp-allocator-size-gfx=262144"
Refreshing native plugins compatible for Editor in 20.72 ms, found 2 plugins.
Preloading 0 native plugins for Editor in 0.00 ms.
Initialize engine version: 2021.2.14f1 (bcb93e5482d2)
[Subsystems] Discovering subsystems at path /Applications/Unity/Unity.app/Contents/Resources/UnitySubsystems
[Subsystems] Discovering subsystems at path /Users/martinholst/Desktop/graphics-programming-2022/exercises/exercise_6/Assets
GfxDevice: creating device client; threaded=0; jobified=0
 preferred device: Apple M1 Pro (high power)
Metal devices available: 1
0: Apple M1 Pro (high power)
Using device Apple M1 Pro (high power)
Initializing Metal device caps: Apple M1 Pro
Initialize mono
Mono path[0] = '/Applications/Unity/Unity.app/Contents/Managed'
Mono path[1] = '/Applications/Unity/Unity.app/Contents/MonoBleedingEdge/lib/mono/unityjit-macos'
Mono config path = '/Applications/Unity/Unity.app/Contents/MonoBleedingEdge/etc'
Using monoOptions --debugger-agent=transport=dt_socket,embedding=1,server=y,suspend=n,address=127.0.0.1:56738
Begin MonoManager ReloadAssembly
Registering precompiled unity dll's ...
Register platform support module: /Applications/Unity/Unity.app/Contents/PlaybackEngines/MacStandaloneSupport/UnityEditor.OSXStandalone.Extensions.dll
Registered in 0.001403 seconds.
Native extension for OSXStandalone target not found
Refreshing native plugins compatible for Editor in 20.05 ms, found 2 plugins.
Preloading 0 native plugins for Editor in 0.00 ms.
Mono: successfully reloaded assembly
- Completed reload, in  0.371 seconds
Domain Reload Profiling:
	ReloadAssembly (371ms)
		BeginReloadAssembly (58ms)
			ExecutionOrderSort (0ms)
			DisableScriptedObjects (0ms)
			BackupInstance (0ms)
			ReleaseScriptingObjects (0ms)
			CreateAndSetChildDomain (0ms)
		EndReloadAssembly (245ms)
			LoadAssemblies (59ms)
			RebuildTransferFunctionScriptingTraits (0ms)
			SetupTypeCache (67ms)
			ReleaseScriptCaches (0ms)
			RebuildScriptCaches (19ms)
			SetupLoadedEditorAssemblies (132ms)
				LogAssemblyErrors (0ms)
				InitializePlatformSupportModulesInManaged (3ms)
				SetLoadedEditorAssemblies (0ms)
				RefreshPlugins (20ms)
				BeforeProcessingInitializeOnLoad (1ms)
				ProcessInitializeOnLoadAttributes (84ms)
				ProcessInitializeOnLoadMethodAttributes (24ms)
				AfterProcessingInitializeOnLoad (0ms)
				EditorAssembliesLoaded (0ms)
			ExecutionOrderSort2 (0ms)
			AwakeInstancesAfterBackupRestoration (0ms)
Platform modules already initialized, skipping
Registering precompiled user dll's ...
Registered in 0.002670 seconds.
Begin MonoManager ReloadAssembly
Native extension for OSXStandalone target not found
Refreshing native plugins compatible for Editor in 0.20 ms, found 2 plugins.
Preloading 0 native plugins for Editor in 0.00 ms.
Mono: successfully reloaded assembly
- Completed reload, in  0.481 seconds
Domain Reload Profiling:
	ReloadAssembly (481ms)
		BeginReloadAssembly (59ms)
			ExecutionOrderSort (0ms)
			DisableScriptedObjects (3ms)
			BackupInstance (0ms)
			ReleaseScriptingObjects (0ms)
			CreateAndSetChildDomain (13ms)
		EndReloadAssembly (355ms)
			LoadAssemblies (43ms)
			RebuildTransferFunctionScriptingTraits (0ms)
			SetupTypeCache (105ms)
			ReleaseScriptCaches (0ms)
			RebuildScriptCaches (28ms)
			SetupLoadedEditorAssemblies (158ms)
				LogAssemblyErrors (0ms)
				InitializePlatformSupportModulesInManaged (2ms)
				SetLoadedEditorAssemblies (0ms)
				RefreshPlugins (0ms)
				BeforeProcessingInitializeOnLoad (25ms)
				ProcessInitializeOnLoadAttributes (116ms)
				ProcessInitializeOnLoadMethodAttributes (14ms)
				AfterProcessingInitializeOnLoad (1ms)
				EditorAssembliesLoaded (0ms)
			ExecutionOrderSort2 (0ms)
			AwakeInstancesAfterBackupRestoration (2ms)
Platform modules already initialized, skipping
========================================================================
Worker process is ready to serve import requests
Launching external process: /Applications/Unity/Unity.app/Contents/Tools/UnityShaderCompiler
Launched and connected shader compiler UnityShaderCompiler after 0.05 seconds
Refreshing native plugins compatible for Editor in 0.20 ms, found 2 plugins.
Preloading 0 native plugins for Editor in 0.00 ms.
Unloading 1531 Unused Serialized files (Serialized files now loaded: 0)
Unloading 23 unused Assets / (232.6 KB). Loaded Objects now: 1990.
Memory consumption went from 154.6 MB to 154.4 MB.
Total: 2.087750 ms (FindLiveObjects: 0.066541 ms CreateObjectMapping: 0.019417 ms MarkObjects: 1.905750 ms  DeleteObjects: 0.095500 ms)

AssetImportParameters requested are different than current active one (requested -> active):
  custom:video-decoder-ogg-theora: a1e56fd34408186e4bbccfd4996cb3dc -> 
  custom:container-muxer-webm: aa71ff27fc2769a1b78a27578f13a17b -> 
  custom:container-demuxer-webm: 4f35f7cbe854078d1ac9338744f61a02 -> 
  custom:video-encoder-webm-vp8: eb34c28f22e8b96e1ab97ce403110664 -> 
  custom:framework-osx-AVFoundation: e770b220cccbd017edd2c1fefb359320 -> 
  custom:audio-encoder-webm-vorbis: bf7c407c2cedff20999df2af8eb42d56 -> 
  custom:container-demuxer-ogg: 62fdf1f143b41e24485cea50d1cbac27 -> 
  custom:video-decoder-webm-vp8: 9c59270c3fd7afecdb556c50c9e8de78 -> 
  custom:audio-decoder-ogg-vorbis: bf7c407c2cedff20999df2af8eb42d56 -> 
========================================================================
Received Import Request.
  Time since last request: 255490.349572 seconds.
  path: Assets/Models/Cow/Cow.FBX
  artifactKey: Guid(0f5f8cc3b5f7af14db7a73201eab5e8f) Importer(815301076,1909f56bfc062723c751e8b465ee728b)
Start importing Assets/Models/Cow/Cow.FBX using Guid(0f5f8cc3b5f7af14db7a73201eab5e8f) Importer(815301076,1909f56bfc062723c751e8b465ee728b)  -> (artifact id: '07cc2ea0f6065b2935e23fff9c1e3820') in 0.586396 seconds 
========================================================================
Received Import Request.
  Time since last request: 0.000041 seconds.
  path: Assets/Models/Cow/Cow.prefab
  artifactKey: Guid(01c47a571a7f5b443886a23283cadd4f) Importer(815301076,1909f56bfc062723c751e8b465ee728b)
Start importing Assets/Models/Cow/Cow.prefab using Guid(01c47a571a7f5b443886a23283cadd4f) Importer(815301076,1909f56bfc062723c751e8b465ee728b)  -> (artifact id: 'b761d0986b7a11439ad695e2c2d1faf9') in 0.034367 seconds 
========================================================================
Received Import Request.
  Time since last request: 240.890166 seconds.
  path: Assets/Models/Trees/Bark.mat
  artifactKey: Guid(389d32b6843072a468313e018900880a) Importer(815301076,1909f56bfc062723c751e8b465ee728b)
Start importing Assets/Models/Trees/Bark.mat using Guid(389d32b6843072a468313e018900880a) Importer(815301076,1909f56bfc062723c751e8b465ee728b)  -> (artifact id: 'a6a0f9d07b885be8e14adec7564d72f6') in 0.029506 seconds 
========================================================================
Received Import Request.
  Time since last request: 0.000046 seconds.
  path: Assets/Hatching/Hatching.mat
  artifactKey: Guid(a07160dea72d4ec4696c5c1dea1fb344) Importer(815301076,1909f56bfc062723c751e8b465ee728b)
Start importing Assets/Hatching/Hatching.mat using Guid(a07160dea72d4ec4696c5c1dea1fb344) Importer(815301076,1909f56bfc062723c751e8b465ee728b)  -> (artifact id: '71bd675fe528aebb6e9f7bc738b0e995') in 0.005414 seconds 
========================================================================
Received Import Request.
  Time since last request: 0.000049 seconds.
  path: Assets/Models/Man/Man.fbx
  artifactKey: Guid(0838b979739544e45bb533aad3b60fac) Importer(815301076,1909f56bfc062723c751e8b465ee728b)
Start importing Assets/Models/Man/Man.fbx using Guid(0838b979739544e45bb533aad3b60fac) Importer(815301076,1909f56bfc062723c751e8b465ee728b)  -> (artifact id: '80054d77f7e1eba6863707302be558b6') in 0.031995 seconds 
========================================================================
Received Import Request.
  Time since last request: 0.000050 seconds.
  path: Assets/Models/Trees/Leaves.mat
  artifactKey: Guid(a642b1d0d8b72dc40a0732e145f804a7) Importer(815301076,1909f56bfc062723c751e8b465ee728b)
Start importing Assets/Models/Trees/Leaves.mat using Guid(a642b1d0d8b72dc40a0732e145f804a7) Importer(815301076,1909f56bfc062723c751e8b465ee728b)  -> (artifact id: '71ae0da2ab6acedd69e02f3f540d69c6') in 0.005528 seconds 
========================================================================
Received Import Request.
  Time since last request: 0.000037 seconds.
  path: Assets/Models/Man/Man.mat
  artifactKey: Guid(0a77be29f06365d458f901e92b441556) Importer(815301076,1909f56bfc062723c751e8b465ee728b)
Start importing Assets/Models/Man/Man.mat using Guid(0a77be29f06365d458f901e92b441556) Importer(815301076,1909f56bfc062723c751e8b465ee728b)  -> (artifact id: 'edd590d8d4122babf39bf5728d47c913') in 0.005447 seconds 
========================================================================
Received Import Request.
  Time since last request: 23.498413 seconds.
  path: Assets/Models/Trees/Tree2.prefab
  artifactKey: Guid(331728498f1371c4daa3f217eba1d0bc) Importer(815301076,1909f56bfc062723c751e8b465ee728b)
Start importing Assets/Models/Trees/Tree2.prefab using Guid(331728498f1371c4daa3f217eba1d0bc) Importer(815301076,1909f56bfc062723c751e8b465ee728b)  -> (artifact id: 'b46ebbe3016b3f74eea3ac7967a25ef5') in 0.006718 seconds 
========================================================================
Received Import Request.
  Time since last request: 0.000052 seconds.
  path: Assets/Models/Trees/Tree3.prefab
  artifactKey: Guid(ce055ef76ebc1f4469469b1907924b06) Importer(815301076,1909f56bfc062723c751e8b465ee728b)
Start importing Assets/Models/Trees/Tree3.prefab using Guid(ce055ef76ebc1f4469469b1907924b06) Importer(815301076,1909f56bfc062723c751e8b465ee728b)  -> (artifact id: 'b406349304d5ced1ccb7c5f755240664') in 0.005767 seconds 
========================================================================
Received Import Request.
  Time since last request: 553.482059 seconds.
  path: Assets/Hatching/hatch_1.jpg
  artifactKey: Guid(fb4aa34aaafcd5b4da5a2cc373490249) Importer(815301076,1909f56bfc062723c751e8b465ee728b)
Start importing Assets/Hatching/hatch_1.jpg using Guid(fb4aa34aaafcd5b4da5a2cc373490249) Importer(815301076,1909f56bfc062723c751e8b465ee728b)  -> (artifact id: 'c16522f3969cc66daf45de70dea59dc2') in 0.053881 seconds 
========================================================================
Received Import Request.
  Time since last request: 0.000051 seconds.
  path: Assets/Hatching/hatch_4.jpg
  artifactKey: Guid(8c6fba2c1fe6adc4985bfec38c4bbaec) Importer(815301076,1909f56bfc062723c751e8b465ee728b)
Start importing Assets/Hatching/hatch_4.jpg using Guid(8c6fba2c1fe6adc4985bfec38c4bbaec) Importer(815301076,1909f56bfc062723c751e8b465ee728b)  -> (artifact id: 'f0c521b5efab5d06b785e09fdba586d8') in 0.005261 seconds 
========================================================================
Received Import Request.
  Time since last request: 0.000034 seconds.
  path: Assets/Hatching/hatch_5.jpg
  artifactKey: Guid(89e07135195a26c4e9921c262c421167) Importer(815301076,1909f56bfc062723c751e8b465ee728b)
Start importing Assets/Hatching/hatch_5.jpg using Guid(89e07135195a26c4e9921c262c421167) Importer(815301076,1909f56bfc062723c751e8b465ee728b)  -> (artifact id: 'e43b2aebd674715c4cd776ca1aeba0e6') in 0.004564 seconds 
========================================================================
Received Import Request.
  Time since last request: 0.000038 seconds.
  path: Assets/Hatching/hatch_3.jpg
  artifactKey: Guid(78d5c4c3f74311c4aa6cee57bde5f6f4) Importer(815301076,1909f56bfc062723c751e8b465ee728b)
Start importing Assets/Hatching/hatch_3.jpg using Guid(78d5c4c3f74311c4aa6cee57bde5f6f4) Importer(815301076,1909f56bfc062723c751e8b465ee728b)  -> (artifact id: '7289dcdfac9deb3a18aa4a6e83a75fe8') in 0.006295 seconds 
