Unity Editor version:    2021.2.14f1 (bcb93e5482d2)
Branch:                  2021.2/staging
Build type:              Release
Batch mode:              YES
macOS version:           Version 12.2.1 (Build 21D62)
Darwin version:          21.3.0
Architecture:            arm64
Running under Rosetta:   NO
Available memory:        16384 MB
Using pre-set license
Pro License: YES

COMMAND LINE ARGUMENTS:
/Applications/Unity/Unity.app/Contents/MacOS/Unity
-adb2
-batchMode
-noUpm
-name
AssetImportWorker0
-projectPath
/Users/martinholst/Desktop/graphics-programming-2022/exercises/exercise_6
-logFile
Logs/AssetImportWorker0.log
-srvPort
49253
Successfully changed project path to: /Users/martinholst/Desktop/graphics-programming-2022/exercises/exercise_6
/Users/martinholst/Desktop/graphics-programming-2022/exercises/exercise_6
[UnityMemory] Configuration Parameters - Can be set up in boot.config
    "memorysetup-bucket-allocator-granularity=16"
    "memorysetup-bucket-allocator-bucket-count=8"
    "memorysetup-bucket-allocator-block-size=33554432"
    "memorysetup-bucket-allocator-block-count=8"
    "memorysetup-main-allocator-block-size=16777216"
    "memorysetup-thread-allocator-block-size=16777216"
    "memorysetup-gfx-main-allocator-block-size=16777216"
    "memorysetup-gfx-thread-allocator-block-size=16777216"
    "memorysetup-cache-allocator-block-size=4194304"
    "memorysetup-typetree-allocator-block-size=2097152"
    "memorysetup-profiler-bucket-allocator-granularity=16"
    "memorysetup-profiler-bucket-allocator-bucket-count=8"
    "memorysetup-profiler-bucket-allocator-block-size=33554432"
    "memorysetup-profiler-bucket-allocator-block-count=8"
    "memorysetup-profiler-allocator-block-size=16777216"
    "memorysetup-profiler-editor-allocator-block-size=1048576"
    "memorysetup-temp-allocator-size-main=16777216"
    "memorysetup-job-temp-allocator-block-size=2097152"
    "memorysetup-job-temp-allocator-block-size-background=1048576"
    "memorysetup-job-temp-allocator-reduction-small-platforms=262144"
    "memorysetup-temp-allocator-size-background-worker=32768"
    "memorysetup-temp-allocator-size-job-worker=262144"
    "memorysetup-temp-allocator-size-preload-manager=33554432"
    "memorysetup-temp-allocator-size-nav-mesh-worker=65536"
    "memorysetup-temp-allocator-size-audio-worker=65536"
    "memorysetup-temp-allocator-size-cloud-worker=32768"
    "memorysetup-temp-allocator-size-gi-baking-worker=262144"
    "memorysetup-temp-allocator-size-gfx=262144"
Refreshing native plugins compatible for Editor in 18.73 ms, found 2 plugins.
Preloading 0 native plugins for Editor in 0.00 ms.
Initialize engine version: 2021.2.14f1 (bcb93e5482d2)
[Subsystems] Discovering subsystems at path /Applications/Unity/Unity.app/Contents/Resources/UnitySubsystems
[Subsystems] Discovering subsystems at path /Users/martinholst/Desktop/graphics-programming-2022/exercises/exercise_6/Assets
GfxDevice: creating device client; threaded=0; jobified=0
 preferred device: Apple M1 Pro (high power)
Metal devices available: 1
0: Apple M1 Pro (high power)
Using device Apple M1 Pro (high power)
Initializing Metal device caps: Apple M1 Pro
Initialize mono
Mono path[0] = '/Applications/Unity/Unity.app/Contents/Managed'
Mono path[1] = '/Applications/Unity/Unity.app/Contents/MonoBleedingEdge/lib/mono/unityjit-macos'
Mono config path = '/Applications/Unity/Unity.app/Contents/MonoBleedingEdge/etc'
Using monoOptions --debugger-agent=transport=dt_socket,embedding=1,server=y,suspend=n,address=127.0.0.1:56509
Begin MonoManager ReloadAssembly
Registering precompiled unity dll's ...
Register platform support module: /Applications/Unity/Unity.app/Contents/PlaybackEngines/MacStandaloneSupport/UnityEditor.OSXStandalone.Extensions.dll
Registered in 0.000376 seconds.
Native extension for OSXStandalone target not found
Refreshing native plugins compatible for Editor in 19.38 ms, found 2 plugins.
Preloading 0 native plugins for Editor in 0.00 ms.
Mono: successfully reloaded assembly
- Completed reload, in  0.335 seconds
Domain Reload Profiling:
	ReloadAssembly (335ms)
		BeginReloadAssembly (40ms)
			ExecutionOrderSort (0ms)
			DisableScriptedObjects (0ms)
			BackupInstance (0ms)
			ReleaseScriptingObjects (0ms)
			CreateAndSetChildDomain (0ms)
		EndReloadAssembly (232ms)
			LoadAssemblies (40ms)
			RebuildTransferFunctionScriptingTraits (0ms)
			SetupTypeCache (63ms)
			ReleaseScriptCaches (0ms)
			RebuildScriptCaches (18ms)
			SetupLoadedEditorAssemblies (126ms)
				LogAssemblyErrors (0ms)
				InitializePlatformSupportModulesInManaged (3ms)
				SetLoadedEditorAssemblies (0ms)
				RefreshPlugins (19ms)
				BeforeProcessingInitializeOnLoad (1ms)
				ProcessInitializeOnLoadAttributes (78ms)
				ProcessInitializeOnLoadMethodAttributes (24ms)
				AfterProcessingInitializeOnLoad (0ms)
				EditorAssembliesLoaded (0ms)
			ExecutionOrderSort2 (0ms)
			AwakeInstancesAfterBackupRestoration (0ms)
Platform modules already initialized, skipping
Registering precompiled user dll's ...
Registered in 0.000508 seconds.
Begin MonoManager ReloadAssembly
Native extension for OSXStandalone target not found
Refreshing native plugins compatible for Editor in 0.20 ms, found 2 plugins.
Preloading 0 native plugins for Editor in 0.00 ms.
Mono: successfully reloaded assembly
- Completed reload, in  0.449 seconds
Domain Reload Profiling:
	ReloadAssembly (450ms)
		BeginReloadAssembly (54ms)
			ExecutionOrderSort (0ms)
			DisableScriptedObjects (3ms)
			BackupInstance (0ms)
			ReleaseScriptingObjects (0ms)
			CreateAndSetChildDomain (13ms)
		EndReloadAssembly (332ms)
			LoadAssemblies (29ms)
			RebuildTransferFunctionScriptingTraits (0ms)
			SetupTypeCache (100ms)
			ReleaseScriptCaches (0ms)
			RebuildScriptCaches (26ms)
			SetupLoadedEditorAssemblies (153ms)
				LogAssemblyErrors (0ms)
				InitializePlatformSupportModulesInManaged (2ms)
				SetLoadedEditorAssemblies (0ms)
				RefreshPlugins (0ms)
				BeforeProcessingInitializeOnLoad (24ms)
				ProcessInitializeOnLoadAttributes (114ms)
				ProcessInitializeOnLoadMethodAttributes (12ms)
				AfterProcessingInitializeOnLoad (1ms)
				EditorAssembliesLoaded (0ms)
			ExecutionOrderSort2 (0ms)
			AwakeInstancesAfterBackupRestoration (2ms)
Platform modules already initialized, skipping
========================================================================
Worker process is ready to serve import requests
Launching external process: /Applications/Unity/Unity.app/Contents/Tools/UnityShaderCompiler
Launched and connected shader compiler UnityShaderCompiler after 0.04 seconds
Refreshing native plugins compatible for Editor in 0.20 ms, found 2 plugins.
Preloading 0 native plugins for Editor in 0.00 ms.
Unloading 1530 Unused Serialized files (Serialized files now loaded: 0)
Unloading 23 unused Assets / (232.6 KB). Loaded Objects now: 1989.
Memory consumption went from 154.2 MB to 154.0 MB.
Total: 2.068083 ms (FindLiveObjects: 0.070709 ms CreateObjectMapping: 0.019750 ms MarkObjects: 1.892125 ms  DeleteObjects: 0.084875 ms)

AssetImportParameters requested are different than current active one (requested -> active):
  custom:video-decoder-ogg-theora: a1e56fd34408186e4bbccfd4996cb3dc -> 
  custom:container-muxer-webm: aa71ff27fc2769a1b78a27578f13a17b -> 
  custom:container-demuxer-webm: 4f35f7cbe854078d1ac9338744f61a02 -> 
  custom:video-encoder-webm-vp8: eb34c28f22e8b96e1ab97ce403110664 -> 
  custom:framework-osx-AVFoundation: e770b220cccbd017edd2c1fefb359320 -> 
  custom:audio-encoder-webm-vorbis: bf7c407c2cedff20999df2af8eb42d56 -> 
  custom:container-demuxer-ogg: 62fdf1f143b41e24485cea50d1cbac27 -> 
  custom:video-decoder-webm-vp8: 9c59270c3fd7afecdb556c50c9e8de78 -> 
  custom:audio-decoder-ogg-vorbis: bf7c407c2cedff20999df2af8eb42d56 -> 
========================================================================
Received Import Request.
  Time since last request: 171759.591574 seconds.
  path: Assets/Models/Teapot/Teapot.prefab
  artifactKey: Guid(a429bd6ef3510c84c9ff26f5dfacc2fd) Importer(815301076,1909f56bfc062723c751e8b465ee728b)
Start importing Assets/Models/Teapot/Teapot.prefab using Guid(a429bd6ef3510c84c9ff26f5dfacc2fd) Importer(815301076,1909f56bfc062723c751e8b465ee728b)  -> (artifact id: '51d555bc8387fd88bb7d91b640624f9c') in 0.142090 seconds 
========================================================================
Received Import Request.
  Time since last request: 0.000057 seconds.
  path: Assets/Models/Teapot/teapot.fbx
  artifactKey: Guid(a3c02d7b6a0fede40bda6c3258bdff89) Importer(815301076,1909f56bfc062723c751e8b465ee728b)
Start importing Assets/Models/Teapot/teapot.fbx using Guid(a3c02d7b6a0fede40bda6c3258bdff89) Importer(815301076,1909f56bfc062723c751e8b465ee728b)  -> (artifact id: '3b61e0c2155e5eff51b71d6988b29f11') in 0.535845 seconds 
========================================================================
Received Import Request.
  Time since last request: 371.672876 seconds.
  path: Assets/Shaders/ITUCG.glslinc
  artifactKey: Guid(ec9018cf34e6aed49b89d91ed1925195) Importer(815301076,1909f56bfc062723c751e8b465ee728b)
Start importing Assets/Shaders/ITUCG.glslinc using Guid(ec9018cf34e6aed49b89d91ed1925195) Importer(815301076,1909f56bfc062723c751e8b465ee728b)  -> (artifact id: '0047f29ae2bd06b0886ed29ff0c76ec2') in 0.044772 seconds 
========================================================================
Received Import Request.
  Time since last request: 10.078137 seconds.
  path: Assets/Shaders/NormalMap.shader
  artifactKey: Guid(9a77d374b12a4b54e8eb07c2948b2d73) Importer(815301076,1909f56bfc062723c751e8b465ee728b)
Start importing Assets/Shaders/NormalMap.shader using Guid(9a77d374b12a4b54e8eb07c2948b2d73) Importer(815301076,1909f56bfc062723c751e8b465ee728b)  -> (artifact id: 'c6cfc62cafb646e87a5c3440bd5e214c') in 0.034815 seconds 
========================================================================
Received Import Request.
  Time since last request: 1.135063 seconds.
  path: Assets/Shaders/SampleLit.shader
  artifactKey: Guid(b6002cff188bed246a13de5a1bb1a86f) Importer(815301076,1909f56bfc062723c751e8b465ee728b)
Start importing Assets/Shaders/SampleLit.shader using Guid(b6002cff188bed246a13de5a1bb1a86f) Importer(815301076,1909f56bfc062723c751e8b465ee728b)  -> (artifact id: '783f3252b385cbcf2dfe859605445849') in 0.003646 seconds 
========================================================================
Received Import Request.
  Time since last request: 0.627425 seconds.
  path: Assets/Shaders/SampleUnlit.shader
  artifactKey: Guid(c627af9ef84e3bf4793e71d23b4edbcf) Importer(815301076,1909f56bfc062723c751e8b465ee728b)
Start importing Assets/Shaders/SampleUnlit.shader using Guid(c627af9ef84e3bf4793e71d23b4edbcf) Importer(815301076,1909f56bfc062723c751e8b465ee728b)  -> (artifact id: 'c101bd305a61ff227e37e6d7abee8ecd') in 0.002336 seconds 
========================================================================
Received Import Request.
  Time since last request: 0.570452 seconds.
  path: Assets/Shaders/TemplateLit.shader
  artifactKey: Guid(c1bf987efc6e1294f8c1e6e1d5118849) Importer(815301076,1909f56bfc062723c751e8b465ee728b)
Start importing Assets/Shaders/TemplateLit.shader using Guid(c1bf987efc6e1294f8c1e6e1d5118849) Importer(815301076,1909f56bfc062723c751e8b465ee728b)  -> (artifact id: '4bc716f8c87af6c0c9639a781072eec4') in 0.002593 seconds 
========================================================================
Received Import Request.
  Time since last request: 0.636228 seconds.
  path: Assets/Shaders/TemplateUnlit.shader
  artifactKey: Guid(d42fb58020383534cbccba9b9961c82c) Importer(815301076,1909f56bfc062723c751e8b465ee728b)
Start importing Assets/Shaders/TemplateUnlit.shader using Guid(d42fb58020383534cbccba9b9961c82c) Importer(815301076,1909f56bfc062723c751e8b465ee728b)  -> (artifact id: 'bf90af75c8589e3f4adbb3a30d08b8ae') in 0.002143 seconds 
========================================================================
Received Import Request.
  Time since last request: 23.242977 seconds.
  path: Assets/Shaders/DisplacementMap.shader
  artifactKey: Guid(e5aff7b397c27b246ba4c46b4c35fe4f) Importer(815301076,1909f56bfc062723c751e8b465ee728b)
Start importing Assets/Shaders/DisplacementMap.shader using Guid(e5aff7b397c27b246ba4c46b4c35fe4f) Importer(815301076,1909f56bfc062723c751e8b465ee728b)  -> (artifact id: 'a661a3c78691dd43c06103c361136e4b') in 0.003058 seconds 
========================================================================
Received Import Request.
  Time since last request: 102.576978 seconds.
  path: Assets/Shaders/NewUnlitShader.shader
  artifactKey: Guid(d71e55ab2502843a2a2a0e98dded2e46) Importer(815301076,1909f56bfc062723c751e8b465ee728b)
Start importing Assets/Shaders/NewUnlitShader.shader using Guid(d71e55ab2502843a2a2a0e98dded2e46) Importer(815301076,1909f56bfc062723c751e8b465ee728b)  -> (artifact id: 'd5acf45a6a8d0f0fa0f1b3b57384cb08') in 0.001017 seconds 
========================================================================
Received Prepare
Registering precompiled user dll's ...
Registered in 0.000438 seconds.
Begin MonoManager ReloadAssembly
Thread 0x17ff5f000 may have been prematurely finalized
Native extension for OSXStandalone target not found
Refreshing native plugins compatible for Editor in 0.20 ms, found 2 plugins.
Preloading 0 native plugins for Editor in 0.00 ms.
Mono: successfully reloaded assembly
- Completed reload, in  0.434 seconds
Domain Reload Profiling:
	ReloadAssembly (434ms)
		BeginReloadAssembly (62ms)
			ExecutionOrderSort (0ms)
			DisableScriptedObjects (2ms)
			BackupInstance (0ms)
			ReleaseScriptingObjects (0ms)
			CreateAndSetChildDomain (18ms)
		EndReloadAssembly (320ms)
			LoadAssemblies (26ms)
			RebuildTransferFunctionScriptingTraits (0ms)
			SetupTypeCache (100ms)
			ReleaseScriptCaches (1ms)
			RebuildScriptCaches (23ms)
			SetupLoadedEditorAssemblies (147ms)
				LogAssemblyErrors (0ms)
				InitializePlatformSupportModulesInManaged (4ms)
				SetLoadedEditorAssemblies (0ms)
				RefreshPlugins (0ms)
				BeforeProcessingInitializeOnLoad (21ms)
				ProcessInitializeOnLoadAttributes (108ms)
				ProcessInitializeOnLoadMethodAttributes (12ms)
				AfterProcessingInitializeOnLoad (1ms)
				EditorAssembliesLoaded (0ms)
			ExecutionOrderSort2 (0ms)
			AwakeInstancesAfterBackupRestoration (2ms)
Platform modules already initialized, skipping
Refreshing native plugins compatible for Editor in 0.38 ms, found 2 plugins.
Preloading 0 native plugins for Editor in 0.00 ms.
Unloading 1525 Unused Serialized files (Serialized files now loaded: 0)
Unloading 17 unused Assets / (229.9 KB). Loaded Objects now: 2033.
Memory consumption went from 176.2 MB to 176.0 MB.
Total: 1.956167 ms (FindLiveObjects: 0.059917 ms CreateObjectMapping: 0.018875 ms MarkObjects: 1.797500 ms  DeleteObjects: 0.079417 ms)

AssetImportParameters requested are different than current active one (requested -> active):
  custom:video-decoder-ogg-theora: a1e56fd34408186e4bbccfd4996cb3dc -> 
  custom:container-muxer-webm: aa71ff27fc2769a1b78a27578f13a17b -> 
  custom:container-demuxer-webm: 4f35f7cbe854078d1ac9338744f61a02 -> 
  custom:video-encoder-webm-vp8: eb34c28f22e8b96e1ab97ce403110664 -> 
  custom:framework-osx-AVFoundation: e770b220cccbd017edd2c1fefb359320 -> 
  custom:audio-encoder-webm-vorbis: bf7c407c2cedff20999df2af8eb42d56 -> 
  custom:container-demuxer-ogg: 62fdf1f143b41e24485cea50d1cbac27 -> 
  custom:video-decoder-webm-vp8: 9c59270c3fd7afecdb556c50c9e8de78 -> 
  custom:audio-decoder-ogg-vorbis: bf7c407c2cedff20999df2af8eb42d56 -> 
========================================================================
Received Prepare
Registering precompiled user dll's ...
Registered in 0.000369 seconds.
Begin MonoManager ReloadAssembly
Thread 0x16d8cf000 may have been prematurely finalized
Native extension for OSXStandalone target not found
Refreshing native plugins compatible for Editor in 0.16 ms, found 2 plugins.
Preloading 0 native plugins for Editor in 0.00 ms.
Mono: successfully reloaded assembly
- Completed reload, in  0.422 seconds
Domain Reload Profiling:
	ReloadAssembly (423ms)
		BeginReloadAssembly (60ms)
			ExecutionOrderSort (0ms)
			DisableScriptedObjects (3ms)
			BackupInstance (0ms)
			ReleaseScriptingObjects (0ms)
			CreateAndSetChildDomain (17ms)
		EndReloadAssembly (310ms)
			LoadAssemblies (25ms)
			RebuildTransferFunctionScriptingTraits (0ms)
			SetupTypeCache (99ms)
			ReleaseScriptCaches (1ms)
			RebuildScriptCaches (23ms)
			SetupLoadedEditorAssemblies (139ms)
				LogAssemblyErrors (0ms)
				InitializePlatformSupportModulesInManaged (5ms)
				SetLoadedEditorAssemblies (0ms)
				RefreshPlugins (0ms)
				BeforeProcessingInitializeOnLoad (20ms)
				ProcessInitializeOnLoadAttributes (102ms)
				ProcessInitializeOnLoadMethodAttributes (12ms)
				AfterProcessingInitializeOnLoad (1ms)
				EditorAssembliesLoaded (0ms)
			ExecutionOrderSort2 (0ms)
			AwakeInstancesAfterBackupRestoration (2ms)
Platform modules already initialized, skipping
Refreshing native plugins compatible for Editor in 0.30 ms, found 2 plugins.
Preloading 0 native plugins for Editor in 0.00 ms.
Unloading 1525 Unused Serialized files (Serialized files now loaded: 0)
Unloading 17 unused Assets / (229.9 KB). Loaded Objects now: 2035.
Memory consumption went from 176.4 MB to 176.2 MB.
Total: 2.024625 ms (FindLiveObjects: 0.063333 ms CreateObjectMapping: 0.020833 ms MarkObjects: 1.868542 ms  DeleteObjects: 0.071083 ms)

AssetImportParameters requested are different than current active one (requested -> active):
  custom:video-decoder-ogg-theora: a1e56fd34408186e4bbccfd4996cb3dc -> 
  custom:container-muxer-webm: aa71ff27fc2769a1b78a27578f13a17b -> 
  custom:container-demuxer-webm: 4f35f7cbe854078d1ac9338744f61a02 -> 
  custom:video-encoder-webm-vp8: eb34c28f22e8b96e1ab97ce403110664 -> 
  custom:framework-osx-AVFoundation: e770b220cccbd017edd2c1fefb359320 -> 
  custom:audio-encoder-webm-vorbis: bf7c407c2cedff20999df2af8eb42d56 -> 
  custom:container-demuxer-ogg: 62fdf1f143b41e24485cea50d1cbac27 -> 
  custom:video-decoder-webm-vp8: 9c59270c3fd7afecdb556c50c9e8de78 -> 
  custom:audio-decoder-ogg-vorbis: bf7c407c2cedff20999df2af8eb42d56 -> 
========================================================================
Received Import Request.
  Time since last request: 115.637869 seconds.
  path: Assets/Shaders/CelShading.shader
  artifactKey: Guid(d71e55ab2502843a2a2a0e98dded2e46) Importer(815301076,1909f56bfc062723c751e8b465ee728b)
Start importing Assets/Shaders/CelShading.shader using Guid(d71e55ab2502843a2a2a0e98dded2e46) Importer(815301076,1909f56bfc062723c751e8b465ee728b)  -> (artifact id: 'd655584e59f71316c29b8a83974034ab') in 0.007306 seconds 
========================================================================
Received Import Request.
  Time since last request: 28.421955 seconds.
  path: Assets/CelShading
  artifactKey: Guid(5116f3b58d40c1d49a9109b7bd15fd3e) Importer(815301076,1909f56bfc062723c751e8b465ee728b)
Start importing Assets/CelShading using Guid(5116f3b58d40c1d49a9109b7bd15fd3e) Importer(815301076,1909f56bfc062723c751e8b465ee728b)  -> (artifact id: 'bb45abb0f61a1c54247afda9f188b9f8') in 0.001088 seconds 
