Unity Editor version:    2021.2.14f1 (bcb93e5482d2)
Branch:                  2021.2/staging
Build type:              Release
Batch mode:              YES
macOS version:           Version 12.2.1 (Build 21D62)
Darwin version:          21.3.0
Architecture:            arm64
Running under Rosetta:   NO
Available memory:        16384 MB
Using pre-set license
Pro License: YES

COMMAND LINE ARGUMENTS:
/Applications/Unity/Unity.app/Contents/MacOS/Unity
-adb2
-batchMode
-noUpm
-name
AssetImportWorker0
-projectPath
/Users/martinholst/Desktop/graphics-programming-2022/exercises/exercise_6
-logFile
Logs/AssetImportWorker0.log
-srvPort
65370
Successfully changed project path to: /Users/martinholst/Desktop/graphics-programming-2022/exercises/exercise_6
/Users/martinholst/Desktop/graphics-programming-2022/exercises/exercise_6
[UnityMemory] Configuration Parameters - Can be set up in boot.config
    "memorysetup-bucket-allocator-granularity=16"
    "memorysetup-bucket-allocator-bucket-count=8"
    "memorysetup-bucket-allocator-block-size=33554432"
    "memorysetup-bucket-allocator-block-count=8"
    "memorysetup-main-allocator-block-size=16777216"
    "memorysetup-thread-allocator-block-size=16777216"
    "memorysetup-gfx-main-allocator-block-size=16777216"
    "memorysetup-gfx-thread-allocator-block-size=16777216"
    "memorysetup-cache-allocator-block-size=4194304"
    "memorysetup-typetree-allocator-block-size=2097152"
    "memorysetup-profiler-bucket-allocator-granularity=16"
    "memorysetup-profiler-bucket-allocator-bucket-count=8"
    "memorysetup-profiler-bucket-allocator-block-size=33554432"
    "memorysetup-profiler-bucket-allocator-block-count=8"
    "memorysetup-profiler-allocator-block-size=16777216"
    "memorysetup-profiler-editor-allocator-block-size=1048576"
    "memorysetup-temp-allocator-size-main=16777216"
    "memorysetup-job-temp-allocator-block-size=2097152"
    "memorysetup-job-temp-allocator-block-size-background=1048576"
    "memorysetup-job-temp-allocator-reduction-small-platforms=262144"
    "memorysetup-temp-allocator-size-background-worker=32768"
    "memorysetup-temp-allocator-size-job-worker=262144"
    "memorysetup-temp-allocator-size-preload-manager=33554432"
    "memorysetup-temp-allocator-size-nav-mesh-worker=65536"
    "memorysetup-temp-allocator-size-audio-worker=65536"
    "memorysetup-temp-allocator-size-cloud-worker=32768"
    "memorysetup-temp-allocator-size-gi-baking-worker=262144"
    "memorysetup-temp-allocator-size-gfx=262144"
Refreshing native plugins compatible for Editor in 20.73 ms, found 2 plugins.
Preloading 0 native plugins for Editor in 0.00 ms.
Initialize engine version: 2021.2.14f1 (bcb93e5482d2)
[Subsystems] Discovering subsystems at path /Applications/Unity/Unity.app/Contents/Resources/UnitySubsystems
[Subsystems] Discovering subsystems at path /Users/martinholst/Desktop/graphics-programming-2022/exercises/exercise_6/Assets
GfxDevice: creating device client; threaded=0; jobified=0
 preferred device: Apple M1 Pro (high power)
Metal devices available: 1
0: Apple M1 Pro (high power)
Using device Apple M1 Pro (high power)
Initializing Metal device caps: Apple M1 Pro
Initialize mono
Mono path[0] = '/Applications/Unity/Unity.app/Contents/Managed'
Mono path[1] = '/Applications/Unity/Unity.app/Contents/MonoBleedingEdge/lib/mono/unityjit-macos'
Mono config path = '/Applications/Unity/Unity.app/Contents/MonoBleedingEdge/etc'
Using monoOptions --debugger-agent=transport=dt_socket,embedding=1,server=y,suspend=n,address=127.0.0.1:56736
Begin MonoManager ReloadAssembly
Registering precompiled unity dll's ...
Register platform support module: /Applications/Unity/Unity.app/Contents/PlaybackEngines/MacStandaloneSupport/UnityEditor.OSXStandalone.Extensions.dll
Registered in 0.001368 seconds.
Native extension for OSXStandalone target not found
Refreshing native plugins compatible for Editor in 20.02 ms, found 2 plugins.
Preloading 0 native plugins for Editor in 0.00 ms.
Mono: successfully reloaded assembly
- Completed reload, in  0.372 seconds
Domain Reload Profiling:
	ReloadAssembly (372ms)
		BeginReloadAssembly (58ms)
			ExecutionOrderSort (0ms)
			DisableScriptedObjects (0ms)
			BackupInstance (0ms)
			ReleaseScriptingObjects (0ms)
			CreateAndSetChildDomain (0ms)
		EndReloadAssembly (245ms)
			LoadAssemblies (59ms)
			RebuildTransferFunctionScriptingTraits (0ms)
			SetupTypeCache (67ms)
			ReleaseScriptCaches (0ms)
			RebuildScriptCaches (19ms)
			SetupLoadedEditorAssemblies (133ms)
				LogAssemblyErrors (0ms)
				InitializePlatformSupportModulesInManaged (3ms)
				SetLoadedEditorAssemblies (0ms)
				RefreshPlugins (20ms)
				BeforeProcessingInitializeOnLoad (1ms)
				ProcessInitializeOnLoadAttributes (84ms)
				ProcessInitializeOnLoadMethodAttributes (25ms)
				AfterProcessingInitializeOnLoad (0ms)
				EditorAssembliesLoaded (0ms)
			ExecutionOrderSort2 (0ms)
			AwakeInstancesAfterBackupRestoration (0ms)
Platform modules already initialized, skipping
Registering precompiled user dll's ...
Registered in 0.002029 seconds.
Begin MonoManager ReloadAssembly
Native extension for OSXStandalone target not found
Refreshing native plugins compatible for Editor in 0.18 ms, found 2 plugins.
Preloading 0 native plugins for Editor in 0.00 ms.
Mono: successfully reloaded assembly
- Completed reload, in  0.483 seconds
Domain Reload Profiling:
	ReloadAssembly (484ms)
		BeginReloadAssembly (59ms)
			ExecutionOrderSort (0ms)
			DisableScriptedObjects (3ms)
			BackupInstance (0ms)
			ReleaseScriptingObjects (0ms)
			CreateAndSetChildDomain (13ms)
		EndReloadAssembly (358ms)
			LoadAssemblies (42ms)
			RebuildTransferFunctionScriptingTraits (0ms)
			SetupTypeCache (105ms)
			ReleaseScriptCaches (0ms)
			RebuildScriptCaches (29ms)
			SetupLoadedEditorAssemblies (158ms)
				LogAssemblyErrors (0ms)
				InitializePlatformSupportModulesInManaged (2ms)
				SetLoadedEditorAssemblies (0ms)
				RefreshPlugins (0ms)
				BeforeProcessingInitializeOnLoad (25ms)
				ProcessInitializeOnLoadAttributes (117ms)
				ProcessInitializeOnLoadMethodAttributes (13ms)
				AfterProcessingInitializeOnLoad (1ms)
				EditorAssembliesLoaded (0ms)
			ExecutionOrderSort2 (0ms)
			AwakeInstancesAfterBackupRestoration (2ms)
Platform modules already initialized, skipping
========================================================================
Worker process is ready to serve import requests
Launching external process: /Applications/Unity/Unity.app/Contents/Tools/UnityShaderCompiler
Launched and connected shader compiler UnityShaderCompiler after 0.06 seconds
Refreshing native plugins compatible for Editor in 0.24 ms, found 2 plugins.
Preloading 0 native plugins for Editor in 0.00 ms.
Unloading 1531 Unused Serialized files (Serialized files now loaded: 0)
Unloading 23 unused Assets / (232.6 KB). Loaded Objects now: 1990.
Memory consumption went from 154.7 MB to 154.5 MB.
Total: 2.218083 ms (FindLiveObjects: 0.061791 ms CreateObjectMapping: 0.019458 ms MarkObjects: 2.040792 ms  DeleteObjects: 0.095042 ms)

AssetImportParameters requested are different than current active one (requested -> active):
  custom:video-decoder-ogg-theora: a1e56fd34408186e4bbccfd4996cb3dc -> 
  custom:container-muxer-webm: aa71ff27fc2769a1b78a27578f13a17b -> 
  custom:container-demuxer-webm: 4f35f7cbe854078d1ac9338744f61a02 -> 
  custom:video-encoder-webm-vp8: eb34c28f22e8b96e1ab97ce403110664 -> 
  custom:framework-osx-AVFoundation: e770b220cccbd017edd2c1fefb359320 -> 
  custom:audio-encoder-webm-vorbis: bf7c407c2cedff20999df2af8eb42d56 -> 
  custom:container-demuxer-ogg: 62fdf1f143b41e24485cea50d1cbac27 -> 
  custom:video-decoder-webm-vp8: 9c59270c3fd7afecdb556c50c9e8de78 -> 
  custom:audio-decoder-ogg-vorbis: bf7c407c2cedff20999df2af8eb42d56 -> 
========================================================================
Received Import Request.
  Time since last request: 255490.431524 seconds.
  path: Assets/Models/Plane/White.mat
  artifactKey: Guid(a8db341c23421d14db57523df234685e) Importer(815301076,1909f56bfc062723c751e8b465ee728b)
Start importing Assets/Models/Plane/White.mat using Guid(a8db341c23421d14db57523df234685e) Importer(815301076,1909f56bfc062723c751e8b465ee728b)  -> (artifact id: '4f72688c349219b7884e40055fa0867e') in 0.504415 seconds 
========================================================================
Received Import Request.
  Time since last request: 0.000044 seconds.
  path: Assets/Models/Cow/Cow.mat
  artifactKey: Guid(5077a6f36044eb943a16fe4f6eeae64c) Importer(815301076,1909f56bfc062723c751e8b465ee728b)
Start importing Assets/Models/Cow/Cow.mat using Guid(5077a6f36044eb943a16fe4f6eeae64c) Importer(815301076,1909f56bfc062723c751e8b465ee728b)  -> (artifact id: 'e25e8e6e66c6be4c46ef8a48cb1828dd') in 0.017233 seconds 
========================================================================
Received Import Request.
  Time since last request: 0.000042 seconds.
  path: Assets/Models/Cow/cow_Diff.jpg
  artifactKey: Guid(e7b8dd87fa23f584aaadd5e78c416479) Importer(815301076,1909f56bfc062723c751e8b465ee728b)
Start importing Assets/Models/Cow/cow_Diff.jpg using Guid(e7b8dd87fa23f584aaadd5e78c416479) Importer(815301076,1909f56bfc062723c751e8b465ee728b)  -> (artifact id: '6bfcefc3d50f7e821bf6aabbc04ca711') in 0.450300 seconds 
========================================================================
Received Import Request.
  Time since last request: 232.294848 seconds.
  path: Packages/com.unity.ugui/package.json
  artifactKey: Guid(319b8889f363f5947acf209c17a94149) Importer(815301076,1909f56bfc062723c751e8b465ee728b)
Start importing Packages/com.unity.ugui/package.json using Guid(319b8889f363f5947acf209c17a94149) Importer(815301076,1909f56bfc062723c751e8b465ee728b)  -> (artifact id: '1002360e272cf591a214daa5cb5c75f8') in 0.686421 seconds 
========================================================================
Received Import Request.
  Time since last request: 7.472218 seconds.
  path: Assets/Models/Trees/Cartoon trees.FBX
  artifactKey: Guid(40c83b0131a99ab4fb484ef382c87ee1) Importer(815301076,1909f56bfc062723c751e8b465ee728b)
Start importing Assets/Models/Trees/Cartoon trees.FBX using Guid(40c83b0131a99ab4fb484ef382c87ee1) Importer(815301076,1909f56bfc062723c751e8b465ee728b)  -> (artifact id: 'a116a6f4e43b3840f52d4f1b6b0a7c99') in 0.097474 seconds 
========================================================================
Received Import Request.
  Time since last request: 23.485420 seconds.
  path: Assets/Models/Trees/Tree1.prefab
  artifactKey: Guid(2977a7be33fcadf46a47626f61b08916) Importer(815301076,1909f56bfc062723c751e8b465ee728b)
Start importing Assets/Models/Trees/Tree1.prefab using Guid(2977a7be33fcadf46a47626f61b08916) Importer(815301076,1909f56bfc062723c751e8b465ee728b)  -> (artifact id: '8fee14639963c9150d765198a98f2acd') in 0.030188 seconds 
========================================================================
Received Import Request.
  Time since last request: 390.299978 seconds.
  path: Assets/CelShading/New Material.mat
  artifactKey: Guid(d7a09121fcca24046a2a67bf17dcb97e) Importer(815301076,1909f56bfc062723c751e8b465ee728b)
Start importing Assets/CelShading/New Material.mat using Guid(d7a09121fcca24046a2a67bf17dcb97e) Importer(815301076,1909f56bfc062723c751e8b465ee728b)  -> (artifact id: '3b71979ea036657dee7fca80e667f995') in 0.005526 seconds 
========================================================================
Received Import Request.
  Time since last request: 50.672325 seconds.
  path: Assets/CelShading/CelShading.mat
  artifactKey: Guid(d7a09121fcca24046a2a67bf17dcb97e) Importer(815301076,1909f56bfc062723c751e8b465ee728b)
Start importing Assets/CelShading/CelShading.mat using Guid(d7a09121fcca24046a2a67bf17dcb97e) Importer(815301076,1909f56bfc062723c751e8b465ee728b)  -> (artifact id: '60d8a1f48d3bfded951f7388403bd89e') in 0.004579 seconds 
========================================================================
Received Import Request.
  Time since last request: 112.479358 seconds.
  path: Assets/Hatching/hatch_0.jpg
  artifactKey: Guid(4f2c1630d159d5041abed235d2b9408a) Importer(815301076,1909f56bfc062723c751e8b465ee728b)
Start importing Assets/Hatching/hatch_0.jpg using Guid(4f2c1630d159d5041abed235d2b9408a) Importer(815301076,1909f56bfc062723c751e8b465ee728b)  -> (artifact id: '6b25d110ac1ad963e8757e55e807bbeb') in 0.007319 seconds 
========================================================================
Received Import Request.
  Time since last request: 0.000044 seconds.
  path: Assets/Hatching/hatch_2.jpg
  artifactKey: Guid(a9a1c7d8faa4a3b4998ca11708ca593d) Importer(815301076,1909f56bfc062723c751e8b465ee728b)
Start importing Assets/Hatching/hatch_2.jpg using Guid(a9a1c7d8faa4a3b4998ca11708ca593d) Importer(815301076,1909f56bfc062723c751e8b465ee728b)  -> (artifact id: 'e4e9ea7de865c353f64ca2a074933792') in 0.004353 seconds 
========================================================================
Received Import Request.
  Time since last request: 0.000045 seconds.
  path: Assets/Hatching/hatchArray.png
  artifactKey: Guid(84fcdeed4467a344d99dede112bc0bd7) Importer(815301076,1909f56bfc062723c751e8b465ee728b)
Start importing Assets/Hatching/hatchArray.png using Guid(84fcdeed4467a344d99dede112bc0bd7) Importer(815301076,1909f56bfc062723c751e8b465ee728b)  -> (artifact id: '8cefd5a0f255ef2db84484dc29cb7d27') in 0.561495 seconds 
